<?xml version="1.0" encoding="UTF-8"?>
<!-- Generated by org.testng.reporters.JUnitXMLReporter -->
<testsuite ignored="2" hostname="MERT" failures="0" tests="0" time="14.15" errors="0" timestamp="2022-08-27T08:49:28 TRT">
  <testcase classname="Training1.Peppythings.LoginTest" name="loginTest" time="0.0">
    <ignored/>
  </testcase> <!-- loginTest -->
  <testcase classname="Training1.Peppythings.LoginTest" name="loginPageTextTest" time="0.0">
    <ignored/>
  </testcase> <!-- loginPageTextTest -->
</testsuite>
